<?xml version="1.0" encoding="UTF-8"?>
<!-- Generated by org.testng.reporters.JUnitReportReporter -->
<testsuite hostname="DESKTOP-4B0312A" failures="0" tests="1" name="CurdOperation.PostRequestforStock" time="7.900" errors="0" timestamp="2022-11-03T10:23:17 IST" skipped="0">
  <testcase classname="CurdOperation.PostRequestforStock" name="PostRequestforStock" time="7.900"/>
  <system-out/>
</testsuite> <!-- CurdOperation.PostRequestforStock -->
