<?xml version="1.0" encoding="UTF-8"?>
<!-- Generated by org.testng.reporters.JUnitReportReporter -->
<testsuite hostname="DESKTOP-4B0312A" failures="0" tests="1" name="CurdOperation.GetWithBDDid" time="4.827" errors="0" timestamp="2022-11-05T10:00:10 IST" skipped="0">
  <testcase classname="CurdOperation.GetWithBDDid" name="GetWithBDDid" time="4.827"/>
  <system-out/>
</testsuite> <!-- CurdOperation.GetWithBDDid -->
