<?xml version="1.0" encoding="UTF-8"?>
<!-- Generated by org.testng.reporters.JUnitReportReporter -->
<testsuite hostname="DESKTOP-4B0312A" failures="0" tests="1" name="CurdOperation.DeleteWithBDD" time="4.388" errors="0" timestamp="2022-11-05T10:04:18 IST" skipped="0">
  <testcase classname="CurdOperation.DeleteWithBDD" name="DeleteWithBDD" time="4.388"/>
  <system-out/>
</testsuite> <!-- CurdOperation.DeleteWithBDD -->
