<?xml version="1.0" encoding="UTF-8"?>
<!-- Generated by org.testng.reporters.JUnitReportReporter -->
<testsuite hostname="DESKTOP-4B0312A" failures="0" tests="1" name="Authentication.BearerToken" time="8.497" errors="0" timestamp="2022-11-04T11:04:48 IST" skipped="0">
  <testcase classname="Authentication.BearerToken" name="bearerToken" time="8.497"/>
  <system-out/>
</testsuite> <!-- Authentication.BearerToken -->
