<?xml version="1.0" encoding="UTF-8"?>
<!-- Generated by org.testng.reporters.JUnitReportReporter -->
<testsuite hostname="DESKTOP-4B0312A" failures="0" tests="1" name="CurdOperation.PostRequestforStaff" time="6.002" errors="0" timestamp="2022-11-05T09:56:16 IST" skipped="0">
  <testcase classname="CurdOperation.PostRequestforStaff" name="PostRequestforStaff" time="6.002"/>
  <system-out/>
</testsuite> <!-- CurdOperation.PostRequestforStaff -->
