<?xml version="1.0" encoding="UTF-8"?>
<!-- Generated by org.testng.reporters.JUnitReportReporter -->
<testsuite hostname="DESKTOP-4B0312A" failures="0" tests="1" name="CurdOperation.PostRequestforOwner" time="5.770" errors="0" timestamp="2022-11-05T09:56:31 IST" skipped="0">
  <testcase classname="CurdOperation.PostRequestforOwner" name="PostRequestforOwner" time="5.770"/>
  <system-out/>
</testsuite> <!-- CurdOperation.PostRequestforOwner -->
