<?xml version="1.0" encoding="UTF-8"?>
<!-- Generated by org.testng.reporters.JUnitReportReporter -->
<testsuite hostname="DESKTOP-4B0312A" failures="0" tests="1" name="CurdOperation.PostRequestforOrders" time="6.962" errors="0" timestamp="2022-11-05T09:56:48 IST" skipped="0">
  <testcase classname="CurdOperation.PostRequestforOrders" name="PostRequestforOrders" time="6.962"/>
  <system-out/>
</testsuite> <!-- CurdOperation.PostRequestforOrders -->
