<?xml version="1.0" encoding="UTF-8"?>
<!-- Generated by org.testng.reporters.JUnitReportReporter -->
<testsuite hostname="DESKTOP-4B0312A" failures="0" tests="1" name="CurdOperation.GetWithBDDByname" time="5.014" errors="0" timestamp="2022-11-05T10:00:27 IST" skipped="0">
  <testcase classname="CurdOperation.GetWithBDDByname" name="GetWithBDDByname" time="5.014"/>
  <system-out/>
</testsuite> <!-- CurdOperation.GetWithBDDByname -->
