<?xml version="1.0" encoding="UTF-8"?>
<!-- Generated by org.testng.reporters.JUnitReportReporter -->
<testsuite hostname="DESKTOP-4B0312A" failures="0" tests="8" name="Runner.RunnerTest" time="5.486" errors="0" timestamp="2022-11-05T10:04:55 IST" skipped="0">
  <testcase classname="Runner.RunnerTest" name="runScenario" time="0.192"/>
  <system-out/>
  <testcase classname="Runner.RunnerTest" name="runScenario" time="0.172"/>
  <system-out/>
  <testcase classname="Runner.RunnerTest" name="runScenario" time="0.410"/>
  <system-out/>
  <testcase classname="Runner.RunnerTest" name="runScenario" time="0.114"/>
  <system-out/>
  <testcase classname="Runner.RunnerTest" name="runScenario" time="0.186"/>
  <system-out/>
  <testcase classname="Runner.RunnerTest" name="runScenario" time="0.818"/>
  <system-out/>
  <testcase classname="Runner.RunnerTest" name="runScenario" time="0.186"/>
  <system-out/>
  <testcase classname="Runner.RunnerTest" name="runScenario" time="3.408"/>
  <system-out/>
</testsuite> <!-- Runner.RunnerTest -->
